2023-05-05 20:53:24,289 INFO o.h.v.i.u.Version [background-preinit] HV000001: Hibernate Validator 8.0.0.Final
2023-05-05 20:53:24,358 INFO o.s.b.StartupInfoLogger [main] Starting SleepApplication using Java 19.0.2 with PID 8476 (C:\Users\Denis\Desktop\SberUniverse\IDEA\taskssber2\Sleep\target\classes started by Denis in C:\Users\Denis\Desktop\SberUniverse\IDEA\taskssber2\Sleep)
2023-05-05 20:53:24,365 INFO o.s.b.SpringApplication [main] No active profile set, falling back to 1 default profile: "default"
2023-05-05 20:53:25,999 INFO o.s.d.r.c.RepositoryConfigurationDelegate [main] Bootstrapping Spring Data JPA repositories in DEFAULT mode.
2023-05-05 20:53:26,084 INFO o.s.d.r.c.RepositoryConfigurationDelegate [main] Finished Spring Data repository scanning in 75 ms. Found 6 JPA repository interfaces.
2023-05-05 20:53:27,102 INFO o.s.b.w.e.t.TomcatWebServer [main] Tomcat initialized with port(s): 9090 (http)
2023-05-05 20:53:27,116 INFO o.a.j.l.DirectJDKLog [main] Initializing ProtocolHandler ["http-nio-9090"]
2023-05-05 20:53:27,118 INFO o.a.j.l.DirectJDKLog [main] Starting service [Tomcat]
2023-05-05 20:53:27,118 INFO o.a.j.l.DirectJDKLog [main] Starting Servlet engine: [Apache Tomcat/10.1.8]
2023-05-05 20:53:27,290 INFO o.a.j.l.DirectJDKLog [main] Initializing Spring embedded WebApplicationContext
2023-05-05 20:53:27,290 INFO o.s.b.w.s.c.ServletWebServerApplicationContext [main] Root WebApplicationContext: initialization completed in 2583 ms
2023-05-05 20:53:27,488 INFO o.h.j.i.u.LogHelper [main] HHH000204: Processing PersistenceUnitInfo [name: default]
2023-05-05 20:53:27,583 INFO o.h.Version [main] HHH000412: Hibernate ORM core version 6.1.7.Final
2023-05-05 20:53:28,067 INFO c.z.h.HikariDataSource [main] HikariPool-1 - Starting...
2023-05-05 20:53:28,265 INFO c.z.h.p.HikariPool [main] HikariPool-1 - Added connection org.postgresql.jdbc.PgConnection@6071631f
2023-05-05 20:53:28,268 INFO c.z.h.HikariDataSource [main] HikariPool-1 - Start completed.
2023-05-05 20:53:28,316 INFO o.h.e.j.d.i.DialectFactoryImpl [main] HHH000400: Using dialect: org.hibernate.dialect.PostgreSQLDialect
2023-05-05 20:53:29,874 INFO o.h.e.t.j.p.i.JtaPlatformInitiator [main] HHH000490: Using JtaPlatform implementation: [org.hibernate.engine.transaction.jta.platform.internal.NoJtaPlatform]
2023-05-05 20:53:29,891 INFO o.s.o.j.AbstractEntityManagerFactoryBean [main] Initialized JPA EntityManagerFactory for persistence unit 'default'
2023-05-05 20:53:32,040 WARN o.s.b.a.o.j.JpaBaseConfiguration$JpaWebConfiguration [main] spring.jpa.open-in-view is enabled by default. Therefore, database queries may be performed during view rendering. Explicitly configure spring.jpa.open-in-view to disable this warning
2023-05-05 20:53:32,383 INFO o.s.b.a.w.s.WelcomePageHandlerMapping [main] Adding welcome page template: index
2023-05-05 20:53:33,258 INFO o.s.s.w.DefaultSecurityFilterChain [main] Will secure any request with [org.springframework.security.web.session.DisableEncodeUrlFilter@4de3a1ca, org.springframework.security.web.context.request.async.WebAsyncManagerIntegrationFilter@329cdafa, org.springframework.security.web.context.SecurityContextHolderFilter@21eb33d4, org.springframework.security.web.header.HeaderWriterFilter@73c71083, org.springframework.security.web.csrf.CsrfFilter@2dad7323, org.springframework.security.web.authentication.logout.LogoutFilter@718aa49a, org.springframework.security.web.authentication.UsernamePasswordAuthenticationFilter@6e16fcaf, org.springframework.security.web.savedrequest.RequestCacheAwareFilter@5e4d55a6, org.springframework.security.web.servletapi.SecurityContextHolderAwareRequestFilter@654be52b, org.springframework.security.web.authentication.AnonymousAuthenticationFilter@6b36ab82, org.springframework.security.web.access.ExceptionTranslationFilter@5b1505c3, org.springframework.security.web.access.intercept.AuthorizationFilter@431782fe]
2023-05-05 20:53:33,884 INFO o.a.j.l.DirectJDKLog [main] Starting ProtocolHandler ["http-nio-9090"]
2023-05-05 20:53:33,924 INFO o.s.b.w.e.t.TomcatWebServer [main] Tomcat started on port(s): 9090 (http) with context path ''
2023-05-05 20:53:33,938 INFO o.s.b.StartupInfoLogger [main] Started SleepApplication in 10.023 seconds (process running for 12.503)
2023-05-05 20:53:59,336 INFO o.a.j.l.DirectJDKLog [http-nio-9090-exec-1] Initializing Spring DispatcherServlet 'dispatcherServlet'
2023-05-05 20:53:59,336 INFO o.s.w.s.FrameworkServlet [http-nio-9090-exec-1] Initializing Servlet 'dispatcherServlet'
2023-05-05 20:53:59,339 INFO o.s.w.s.FrameworkServlet [http-nio-9090-exec-1] Completed initialization in 3 ms
2023-05-05 20:53:59,399 INFO c.d.s.a.LoggerAspect [http-nio-9090-exec-1] Вызов: class com.dp.sleep.MVC.controller.MainController.index() с аргументами: []
2023-05-05 20:53:59,400 INFO c.d.s.a.LoggerAspect [http-nio-9090-exec-1] Выход: com.dp.sleep.MVC.controller.MainController,index() с результатом = index
2023-05-05 20:54:00,826 INFO c.d.s.a.LoggerAspect [http-nio-9090-exec-2] Вызов: class org.springframework.boot.autoconfigure.web.servlet.error.BasicErrorController.error() с аргументами: [org.springframework.web.servlet.resource.ResourceUrlEncodingFilter$ResourceUrlEncodingRequestWrapper@4d3af04b]
2023-05-05 20:54:00,836 INFO c.d.s.a.LoggerAspect [http-nio-9090-exec-2] Выход: org.springframework.boot.autoconfigure.web.servlet.error.BasicErrorController,error() с результатом = <404 NOT_FOUND Not Found,{timestamp=Fri May 05 20:54:00 MSK 2023, status=404, error=Not Found, path=/static/sleep.css},[]>
2023-05-05 20:54:02,096 INFO c.d.s.a.LoggerAspect [http-nio-9090-exec-3] Вызов: class com.dp.sleep.MVC.controller.MVCLoginController.login() с аргументами: []
2023-05-05 20:54:02,096 INFO c.d.s.a.LoggerAspect [http-nio-9090-exec-3] Выход: com.dp.sleep.MVC.controller.MVCLoginController,login() с результатом = login
2023-05-05 20:54:02,180 INFO c.d.s.a.LoggerAspect [http-nio-9090-exec-4] Вызов: class org.springframework.boot.autoconfigure.web.servlet.error.BasicErrorController.error() с аргументами: [org.springframework.web.servlet.resource.ResourceUrlEncodingFilter$ResourceUrlEncodingRequestWrapper@20d0b26d]
2023-05-05 20:54:02,180 INFO c.d.s.a.LoggerAspect [http-nio-9090-exec-4] Выход: org.springframework.boot.autoconfigure.web.servlet.error.BasicErrorController,error() с результатом = <404 NOT_FOUND Not Found,{timestamp=Fri May 05 20:54:02 MSK 2023, status=404, error=Not Found, path=/static/sleep.css},[]>
2023-05-05 20:54:06,504 INFO c.d.s.a.LoggerAspect [http-nio-9090-exec-8] Вызов: class com.dp.sleep.MVC.controller.MainController.index() с аргументами: []
2023-05-05 20:54:06,505 INFO c.d.s.a.LoggerAspect [http-nio-9090-exec-8] Выход: com.dp.sleep.MVC.controller.MainController,index() с результатом = index
2023-05-05 20:54:06,552 INFO c.d.s.a.LoggerAspect [http-nio-9090-exec-7] Вызов: class org.springframework.boot.autoconfigure.web.servlet.error.BasicErrorController.error() с аргументами: [org.springframework.web.servlet.resource.ResourceUrlEncodingFilter$ResourceUrlEncodingRequestWrapper@7ca9b2c8]
2023-05-05 20:54:06,553 INFO c.d.s.a.LoggerAspect [http-nio-9090-exec-7] Выход: org.springframework.boot.autoconfigure.web.servlet.error.BasicErrorController,error() с результатом = <404 NOT_FOUND Not Found,{timestamp=Fri May 05 20:54:06 MSK 2023, status=404, error=Not Found, path=/static/sleep.css},[]>
2023-05-05 20:54:13,445 INFO c.d.s.a.LoggerAspect [http-nio-9090-exec-10] Вызов: class com.dp.sleep.MVC.controller.MVCUserController.viewProfile() с аргументами: [4, {}]
2023-05-05 20:54:13,503 INFO c.d.s.a.LoggerAspect [http-nio-9090-exec-10] Выход: com.dp.sleep.MVC.controller.MVCUserController,viewProfile() с результатом = profile/viewProfile
2023-05-05 20:54:13,556 INFO c.d.s.a.LoggerAspect [http-nio-9090-exec-1] Вызов: class org.springframework.boot.autoconfigure.web.servlet.error.BasicErrorController.error() с аргументами: [org.springframework.web.servlet.resource.ResourceUrlEncodingFilter$ResourceUrlEncodingRequestWrapper@5e07a5e8]
2023-05-05 20:54:13,557 INFO c.d.s.a.LoggerAspect [http-nio-9090-exec-1] Выход: org.springframework.boot.autoconfigure.web.servlet.error.BasicErrorController,error() с результатом = <404 NOT_FOUND Not Found,{timestamp=Fri May 05 20:54:13 MSK 2023, status=404, error=Not Found, path=/static/sleep.css},[]>
2023-05-05 20:54:26,060 INFO c.d.s.a.LoggerAspect [http-nio-9090-exec-5] Вызов: class com.dp.sleep.MVC.controller.MVCLoginController.login() с аргументами: []
2023-05-05 20:54:26,060 INFO c.d.s.a.LoggerAspect [http-nio-9090-exec-5] Выход: com.dp.sleep.MVC.controller.MVCLoginController,login() с результатом = login
2023-05-05 20:54:26,094 INFO c.d.s.a.LoggerAspect [http-nio-9090-exec-8] Вызов: class org.springframework.boot.autoconfigure.web.servlet.error.BasicErrorController.error() с аргументами: [org.springframework.web.servlet.resource.ResourceUrlEncodingFilter$ResourceUrlEncodingRequestWrapper@22f6b215]
2023-05-05 20:54:26,094 INFO c.d.s.a.LoggerAspect [http-nio-9090-exec-8] Выход: org.springframework.boot.autoconfigure.web.servlet.error.BasicErrorController,error() с результатом = <404 NOT_FOUND Not Found,{timestamp=Fri May 05 20:54:26 MSK 2023, status=404, error=Not Found, path=/static/sleep.css},[]>
2023-05-05 20:54:27,742 INFO c.d.s.a.LoggerAspect [http-nio-9090-exec-7] Вызов: class com.dp.sleep.MVC.controller.MVCUserController.registration() с аргументами: []
2023-05-05 20:54:27,742 INFO c.d.s.a.LoggerAspect [http-nio-9090-exec-7] Выход: com.dp.sleep.MVC.controller.MVCUserController,registration() с результатом = registration
2023-05-05 20:54:27,786 INFO c.d.s.a.LoggerAspect [http-nio-9090-exec-6] Вызов: class org.springframework.boot.autoconfigure.web.servlet.error.BasicErrorController.error() с аргументами: [org.springframework.web.servlet.resource.ResourceUrlEncodingFilter$ResourceUrlEncodingRequestWrapper@6960a66e]
2023-05-05 20:54:27,787 INFO c.d.s.a.LoggerAspect [http-nio-9090-exec-6] Выход: org.springframework.boot.autoconfigure.web.servlet.error.BasicErrorController,error() с результатом = <404 NOT_FOUND Not Found,{timestamp=Fri May 05 20:54:27 MSK 2023, status=404, error=Not Found, path=/static/sleep.css},[]>
2023-05-05 20:54:49,647 INFO c.d.s.a.LoggerAspect [http-nio-9090-exec-1] Вызов: class com.dp.sleep.MVC.controller.MVCUserController.registration() с аргументами: [com.dp.sleep.dto.UserDto@2ef4af8d, org.springframework.validation.BeanPropertyBindingResult: 0 errors]
2023-05-05 20:54:49,861 INFO c.d.s.a.LoggerAspect [http-nio-9090-exec-1] Выход: com.dp.sleep.MVC.controller.MVCUserController,registration() с результатом = redirect:/login
2023-05-05 20:54:49,872 INFO c.d.s.a.LoggerAspect [http-nio-9090-exec-3] Вызов: class com.dp.sleep.MVC.controller.MVCLoginController.login() с аргументами: []
2023-05-05 20:54:49,872 INFO c.d.s.a.LoggerAspect [http-nio-9090-exec-3] Выход: com.dp.sleep.MVC.controller.MVCLoginController,login() с результатом = login
2023-05-05 20:54:49,919 INFO c.d.s.a.LoggerAspect [http-nio-9090-exec-2] Вызов: class org.springframework.boot.autoconfigure.web.servlet.error.BasicErrorController.error() с аргументами: [org.springframework.web.servlet.resource.ResourceUrlEncodingFilter$ResourceUrlEncodingRequestWrapper@23c26191]
2023-05-05 20:54:49,919 INFO c.d.s.a.LoggerAspect [http-nio-9090-exec-2] Выход: org.springframework.boot.autoconfigure.web.servlet.error.BasicErrorController,error() с результатом = <404 NOT_FOUND Not Found,{timestamp=Fri May 05 20:54:49 MSK 2023, status=404, error=Not Found, path=/static/sleep.css},[]>
2023-05-05 20:54:55,062 INFO c.d.s.a.LoggerAspect [http-nio-9090-exec-7] Вызов: class com.dp.sleep.MVC.controller.MainController.index() с аргументами: []
2023-05-05 20:54:55,063 INFO c.d.s.a.LoggerAspect [http-nio-9090-exec-7] Выход: com.dp.sleep.MVC.controller.MainController,index() с результатом = index
2023-05-05 20:54:55,095 INFO c.d.s.a.LoggerAspect [http-nio-9090-exec-6] Вызов: class org.springframework.boot.autoconfigure.web.servlet.error.BasicErrorController.error() с аргументами: [org.springframework.web.servlet.resource.ResourceUrlEncodingFilter$ResourceUrlEncodingRequestWrapper@269a5f09]
2023-05-05 20:54:55,095 INFO c.d.s.a.LoggerAspect [http-nio-9090-exec-6] Выход: org.springframework.boot.autoconfigure.web.servlet.error.BasicErrorController,error() с результатом = <404 NOT_FOUND Not Found,{timestamp=Fri May 05 20:54:55 MSK 2023, status=404, error=Not Found, path=/static/sleep.css},[]>
2023-05-05 20:59:01,070 INFO c.d.s.a.LoggerAspect [http-nio-9090-exec-1] Вызов: class com.dp.sleep.MVC.controller.MainController.index() с аргументами: []
2023-05-05 20:59:01,087 INFO c.d.s.a.LoggerAspect [http-nio-9090-exec-1] Выход: com.dp.sleep.MVC.controller.MainController,index() с результатом = index
2023-05-05 20:59:01,507 INFO c.d.s.a.LoggerAspect [http-nio-9090-exec-3] Вызов: class org.springframework.boot.autoconfigure.web.servlet.error.BasicErrorController.error() с аргументами: [org.springframework.web.servlet.resource.ResourceUrlEncodingFilter$ResourceUrlEncodingRequestWrapper@14cf6afc]
2023-05-05 20:59:01,511 INFO c.d.s.a.LoggerAspect [http-nio-9090-exec-3] Выход: org.springframework.boot.autoconfigure.web.servlet.error.BasicErrorController,error() с результатом = <404 NOT_FOUND Not Found,{timestamp=Fri May 05 20:59:01 MSK 2023, status=404, error=Not Found, path=/static/sleep.css},[]>
2023-05-05 20:59:01,663 INFO c.d.s.a.LoggerAspect [http-nio-9090-exec-2] Вызов: class org.springframework.boot.autoconfigure.web.servlet.error.BasicErrorController.error() с аргументами: [org.springframework.web.servlet.resource.ResourceUrlEncodingFilter$ResourceUrlEncodingRequestWrapper@36d2abd1]
2023-05-05 20:59:01,664 INFO c.d.s.a.LoggerAspect [http-nio-9090-exec-2] Выход: org.springframework.boot.autoconfigure.web.servlet.error.BasicErrorController,error() с результатом = <404 NOT_FOUND Not Found,{timestamp=Fri May 05 20:59:01 MSK 2023, status=404, error=Not Found, path=/favicon.ico},[]>
2023-05-05 20:59:03,350 INFO c.d.s.a.LoggerAspect [http-nio-9090-exec-8] Вызов: class com.dp.sleep.MVC.controller.MVCLoginController.login() с аргументами: []
2023-05-05 20:59:03,351 INFO c.d.s.a.LoggerAspect [http-nio-9090-exec-8] Выход: com.dp.sleep.MVC.controller.MVCLoginController,login() с результатом = login
2023-05-05 20:59:03,445 INFO c.d.s.a.LoggerAspect [http-nio-9090-exec-7] Вызов: class org.springframework.boot.autoconfigure.web.servlet.error.BasicErrorController.error() с аргументами: [org.springframework.web.servlet.resource.ResourceUrlEncodingFilter$ResourceUrlEncodingRequestWrapper@22d2fe0b]
2023-05-05 20:59:03,445 INFO c.d.s.a.LoggerAspect [http-nio-9090-exec-7] Выход: org.springframework.boot.autoconfigure.web.servlet.error.BasicErrorController,error() с результатом = <404 NOT_FOUND Not Found,{timestamp=Fri May 05 20:59:03 MSK 2023, status=404, error=Not Found, path=/static/sleep.css},[]>
2023-05-05 20:59:08,052 INFO c.d.s.a.LoggerAspect [http-nio-9090-exec-1] Вызов: class com.dp.sleep.MVC.controller.MainController.index() с аргументами: []
2023-05-05 20:59:08,053 INFO c.d.s.a.LoggerAspect [http-nio-9090-exec-1] Выход: com.dp.sleep.MVC.controller.MainController,index() с результатом = index
2023-05-05 20:59:08,094 INFO c.d.s.a.LoggerAspect [http-nio-9090-exec-3] Вызов: class org.springframework.boot.autoconfigure.web.servlet.error.BasicErrorController.error() с аргументами: [org.springframework.web.servlet.resource.ResourceUrlEncodingFilter$ResourceUrlEncodingRequestWrapper@6ea4790d]
2023-05-05 20:59:08,095 INFO c.d.s.a.LoggerAspect [http-nio-9090-exec-3] Выход: org.springframework.boot.autoconfigure.web.servlet.error.BasicErrorController,error() с результатом = <404 NOT_FOUND Not Found,{timestamp=Fri May 05 20:59:08 MSK 2023, status=404, error=Not Found, path=/static/sleep.css},[]>
2023-05-05 20:59:10,198 INFO c.d.s.a.LoggerAspect [http-nio-9090-exec-2] Вызов: class com.dp.sleep.MVC.controller.MVCUserController.viewProfile() с аргументами: [4, {}]
2023-05-05 20:59:10,251 INFO c.d.s.a.LoggerAspect [http-nio-9090-exec-2] Выход: com.dp.sleep.MVC.controller.MVCUserController,viewProfile() с результатом = profile/viewProfile
2023-05-05 20:59:10,310 INFO c.d.s.a.LoggerAspect [http-nio-9090-exec-4] Вызов: class org.springframework.boot.autoconfigure.web.servlet.error.BasicErrorController.error() с аргументами: [org.springframework.web.servlet.resource.ResourceUrlEncodingFilter$ResourceUrlEncodingRequestWrapper@6f2a523c]
2023-05-05 20:59:10,311 INFO c.d.s.a.LoggerAspect [http-nio-9090-exec-4] Выход: org.springframework.boot.autoconfigure.web.servlet.error.BasicErrorController,error() с результатом = <404 NOT_FOUND Not Found,{timestamp=Fri May 05 20:59:10 MSK 2023, status=404, error=Not Found, path=/static/sleep.css},[]>
2023-05-05 20:59:21,017 INFO c.d.s.a.LoggerAspect [http-nio-9090-exec-7] Вызов: class com.dp.sleep.MVC.controller.MVCMeditationController.getAll() с аргументами: [1, 5, {}]
2023-05-05 20:59:21,274 INFO c.d.s.a.LoggerAspect [http-nio-9090-exec-7] Выход: com.dp.sleep.MVC.controller.MVCMeditationController,getAll() с результатом = meditation/viewAllMeditations
2023-05-05 20:59:21,550 INFO c.d.s.a.LoggerAspect [http-nio-9090-exec-9] Вызов: class org.springframework.boot.autoconfigure.web.servlet.error.BasicErrorController.error() с аргументами: [org.springframework.web.servlet.resource.ResourceUrlEncodingFilter$ResourceUrlEncodingRequestWrapper@3ed77343]
2023-05-05 20:59:21,551 INFO c.d.s.a.LoggerAspect [http-nio-9090-exec-9] Выход: org.springframework.boot.autoconfigure.web.servlet.error.BasicErrorController,error() с результатом = <404 NOT_FOUND Not Found,{timestamp=Fri May 05 20:59:21 MSK 2023, status=404, error=Not Found, path=/static/sleep.css},[]>
2023-05-05 21:00:27,789 INFO c.d.s.a.LoggerAspect [http-nio-9090-exec-1] Вызов: class com.dp.sleep.MVC.controller.MVCConvertedDataController.getAll() с аргументами: [1, 5, {}]
2023-05-05 21:00:27,826 INFO c.d.s.a.LoggerAspect [http-nio-9090-exec-1] Выход: com.dp.sleep.MVC.controller.MVCConvertedDataController,getAll() с результатом = history/viewAllHistory
2023-05-05 21:00:27,895 INFO c.d.s.a.LoggerAspect [http-nio-9090-exec-3] Вызов: class org.springframework.boot.autoconfigure.web.servlet.error.BasicErrorController.error() с аргументами: [org.springframework.web.servlet.resource.ResourceUrlEncodingFilter$ResourceUrlEncodingRequestWrapper@7389b054]
2023-05-05 21:00:27,895 INFO c.d.s.a.LoggerAspect [http-nio-9090-exec-3] Выход: org.springframework.boot.autoconfigure.web.servlet.error.BasicErrorController,error() с результатом = <404 NOT_FOUND Not Found,{timestamp=Fri May 05 21:00:27 MSK 2023, status=404, error=Not Found, path=/static/sleep.css},[]>
2023-05-05 21:05:59,933 INFO c.d.s.a.LoggerAspect [http-nio-9090-exec-5] Вызов: class com.dp.sleep.MVC.controller.MVCLoginController.login() с аргументами: []
2023-05-05 21:05:59,938 INFO c.d.s.a.LoggerAspect [http-nio-9090-exec-5] Выход: com.dp.sleep.MVC.controller.MVCLoginController,login() с результатом = login
2023-05-05 21:06:00,110 INFO c.d.s.a.LoggerAspect [http-nio-9090-exec-7] Вызов: class org.springframework.boot.autoconfigure.web.servlet.error.BasicErrorController.error() с аргументами: [org.springframework.web.servlet.resource.ResourceUrlEncodingFilter$ResourceUrlEncodingRequestWrapper@aca8f7]
2023-05-05 21:06:00,110 INFO c.d.s.a.LoggerAspect [http-nio-9090-exec-7] Выход: org.springframework.boot.autoconfigure.web.servlet.error.BasicErrorController,error() с результатом = <404 NOT_FOUND Not Found,{timestamp=Fri May 05 21:06:00 MSK 2023, status=404, error=Not Found, path=/static/sleep.css},[]>
2023-05-05 21:06:06,132 INFO c.d.s.a.LoggerAspect [http-nio-9090-exec-10] Вызов: class com.dp.sleep.MVC.controller.MainController.index() с аргументами: []
2023-05-05 21:06:06,134 INFO c.d.s.a.LoggerAspect [http-nio-9090-exec-10] Выход: com.dp.sleep.MVC.controller.MainController,index() с результатом = index
2023-05-05 21:06:06,180 INFO c.d.s.a.LoggerAspect [http-nio-9090-exec-6] Вызов: class org.springframework.boot.autoconfigure.web.servlet.error.BasicErrorController.error() с аргументами: [org.springframework.web.servlet.resource.ResourceUrlEncodingFilter$ResourceUrlEncodingRequestWrapper@32a3d30c]
2023-05-05 21:06:06,181 INFO c.d.s.a.LoggerAspect [http-nio-9090-exec-6] Выход: org.springframework.boot.autoconfigure.web.servlet.error.BasicErrorController,error() с результатом = <404 NOT_FOUND Not Found,{timestamp=Fri May 05 21:06:06 MSK 2023, status=404, error=Not Found, path=/static/sleep.css},[]>
2023-05-05 21:06:08,909 INFO c.d.s.a.LoggerAspect [http-nio-9090-exec-4] Вызов: class com.dp.sleep.MVC.controller.MVCUserController.getAll() с аргументами: [1, 5, {}]
2023-05-05 21:06:09,060 INFO c.d.s.a.LoggerAspect [http-nio-9090-exec-4] Выход: com.dp.sleep.MVC.controller.MVCUserController,getAll() с результатом = users/viewAllUsers
2023-05-05 21:06:09,143 INFO c.d.s.a.LoggerAspect [http-nio-9090-exec-2] Вызов: class org.springframework.boot.autoconfigure.web.servlet.error.BasicErrorController.error() с аргументами: [org.springframework.web.servlet.resource.ResourceUrlEncodingFilter$ResourceUrlEncodingRequestWrapper@7efefcbe]
2023-05-05 21:06:09,144 INFO c.d.s.a.LoggerAspect [http-nio-9090-exec-2] Выход: org.springframework.boot.autoconfigure.web.servlet.error.BasicErrorController,error() с результатом = <404 NOT_FOUND Not Found,{timestamp=Fri May 05 21:06:09 MSK 2023, status=404, error=Not Found, path=/static/sleep.css},[]>
2023-05-05 21:06:11,041 INFO c.d.s.a.LoggerAspect [http-nio-9090-exec-8] Вызов: class com.dp.sleep.MVC.controller.MVCMeditationController.getAll() с аргументами: [1, 5, {}]
2023-05-05 21:06:11,062 INFO c.d.s.a.LoggerAspect [http-nio-9090-exec-8] Выход: com.dp.sleep.MVC.controller.MVCMeditationController,getAll() с результатом = meditation/viewAllMeditations
2023-05-05 21:06:11,137 INFO c.d.s.a.LoggerAspect [http-nio-9090-exec-5] Вызов: class org.springframework.boot.autoconfigure.web.servlet.error.BasicErrorController.error() с аргументами: [org.springframework.web.servlet.resource.ResourceUrlEncodingFilter$ResourceUrlEncodingRequestWrapper@4e780731]
2023-05-05 21:06:11,138 INFO c.d.s.a.LoggerAspect [http-nio-9090-exec-5] Выход: org.springframework.boot.autoconfigure.web.servlet.error.BasicErrorController,error() с результатом = <404 NOT_FOUND Not Found,{timestamp=Fri May 05 21:06:11 MSK 2023, status=404, error=Not Found, path=/static/sleep.css},[]>
2023-05-05 21:18:00,549 INFO o.s.o.j.AbstractEntityManagerFactoryBean [SpringApplicationShutdownHook] Closing JPA EntityManagerFactory for persistence unit 'default'
2023-05-05 21:18:00,711 INFO c.z.h.HikariDataSource [SpringApplicationShutdownHook] HikariPool-1 - Shutdown initiated...
2023-05-05 21:18:00,784 INFO c.z.h.HikariDataSource [SpringApplicationShutdownHook] HikariPool-1 - Shutdown completed.
